# JRE version: Java(TM) SE Runtime Environment (9.0+11) (build 9.0.4+11)
# Java VM: Java HotSpot(TM) 64-Bit Server VM (9.0.4+11, mixed mode, tiered, compressed oops, g1 gc, windows-amd64)
Heap:
 garbage-first heap   total 307200K, used 107726K [0x0000000700000000, 0x0000000700100960, 0x00000007c0000000)
  region size 1024K, 9 young (9216K), 1 survivors (1024K)
 Metaspace       used 88266K, capacity 94741K, committed 95104K, reserved 1130496K
  class space    used 12505K, capacity 13626K, committed 13696K, reserved 1048576K
GC Heap History (10 events):
Event: 567.085 GC heap before
{Heap before GC invocations=282 (full 71):
 garbage-first heap   total 307200K, used 111066K [0x0000000700000000, 0x0000000700100960, 0x00000007c0000000)
  region size 1024K, 10 young (10240K), 1 survivors (1024K)
 Metaspace       used 87926K, capacity 94353K, committed 94592K, reserved 1130496K
  class space    used 12501K, capacity 13626K, committed 13696K, reserved 1048576K
}
Event: 567.261 GC heap after
{Heap after GC invocations=283 (full 72):
 garbage-first heap   total 307200K, used 99534K [0x0000000700000000, 0x0000000700100960, 0x00000007c0000000)
  region size 1024K, 0 young (0K), 0 survivors (0K)
 Metaspace       used 87926K, capacity 94353K, committed 94592K, reserved 1130496K
  class space    used 12501K, capacity 13626K, committed 13696K, reserved 1048576K
}
Event: 568.681 GC heap before
{Heap before GC invocations=283 (full 72):
 garbage-first heap   total 307200K, used 160974K [0x0000000700000000, 0x0000000700100960, 0x00000007c0000000)
  region size 1024K, 61 young (62464K), 0 survivors (0K)
 Metaspace       used 88041K, capacity 94481K, committed 94848K, reserved 1130496K
  class space    used 12501K, capacity 13626K, committed 13696K, reserved 1048576K
}
Event: 568.684 GC heap after
{Heap after GC invocations=284 (full 72):
 garbage-first heap   total 307200K, used 100186K [0x0000000700000000, 0x0000000700100960, 0x00000007c0000000)
  region size 1024K, 1 young (1024K), 1 survivors (1024K)
 Metaspace       used 88041K, capacity 94481K, committed 94848K, reserved 1130496K
  class space    used 12501K, capacity 13626K, committed 13696K, reserved 1048576K
}
Event: 573.964 GC heap before
{Heap before GC invocations=284 (full 72):
 garbage-first heap   total 307200K, used 160602K [0x0000000700000000, 0x0000000700100960, 0x00000007c0000000)
  region size 1024K, 60 young (61440K), 1 survivors (1024K)
 Metaspace       used 88115K, capacity 94613K, committed 94848K, reserved 1130496K
  class space    used 12501K, capacity 13626K, committed 13696K, reserved 1048576K
}
Event: 573.968 GC heap after
{Heap after GC invocations=285 (full 72):
 garbage-first heap   total 307200K, used 100931K [0x0000000700000000, 0x0000000700100960, 0x00000007c0000000)
  region size 1024K, 2 young (2048K), 2 survivors (2048K)
 Metaspace       used 88115K, capacity 94613K, committed 94848K, reserved 1130496K
  class space    used 12501K, capacity 13626K, committed 13696K, reserved 1048576K
}
Event: 576.602 GC heap before
{Heap before GC invocations=285 (full 72):
 garbage-first heap   total 307200K, used 160323K [0x0000000700000000, 0x0000000700100960, 0x00000007c0000000)
  region size 1024K, 60 young (61440K), 2 survivors (2048K)
 Metaspace       used 88213K, capacity 94677K, committed 94848K, reserved 1130496K
  class space    used 12502K, capacity 13626K, committed 13696K, reserved 1048576K
}
Event: 576.607 GC heap after
{Heap after GC invocations=286 (full 72):
 garbage-first heap   total 307200K, used 101687K [0x0000000700000000, 0x0000000700100960, 0x00000007c0000000)
  region size 1024K, 3 young (3072K), 3 survivors (3072K)
 Metaspace       used 88213K, capacity 94677K, committed 94848K, reserved 1130496K
  class space    used 12502K, capacity 13626K, committed 13696K, reserved 1048576K
}
Event: 577.051 GC heap before
{Heap before GC invocations=286 (full 72):
 garbage-first heap   total 307200K, used 160055K [0x0000000700000000, 0x0000000700100960, 0x00000007c0000000)
  region size 1024K, 60 young (61440K), 3 survivors (3072K)
 Metaspace       used 88264K, capacity 94741K, committed 95104K, reserved 1130496K
  class space    used 12505K, capacity 13626K, committed 13696K, reserved 1048576K
}
Event: 577.053 GC heap after
{Heap after GC invocations=287 (full 72):
 garbage-first heap   total 307200K, used 100558K [0x0000000700000000, 0x0000000700100960, 0x00000007c0000000)
  region size 1024K, 1 young (1024K), 1 survivors (1024K)
 Metaspace       used 88264K, capacity 94741K, committed 95104K, reserved 1130496K
  class space    used 12505K, capacity 13626K, committed 13696K, reserved 1048576K
}

