# JRE version: Java(TM) SE Runtime Environment (9.0+11) (build 9.0.4+11)
# Java VM: Java HotSpot(TM) 64-Bit Server VM (9.0.4+11, mixed mode, tiered, compressed oops, g1 gc, windows-amd64)
Heap:
 garbage-first heap   total 278528K, used 225427K [0x0000000700000000, 0x0000000700100880, 0x00000007c0000000)
  region size 1024K, 59 young (60416K), 3 survivors (3072K)
 Metaspace       used 93694K, capacity 100461K, committed 100736K, reserved 1134592K
  class space    used 13448K, capacity 14606K, committed 14720K, reserved 1048576K
GC Heap History (10 events):
Event: 493.082 GC heap before
{Heap before GC invocations=275 (full 64):
 garbage-first heap   total 278528K, used 228051K [0x0000000700000000, 0x0000000700100880, 0x00000007c0000000)
  region size 1024K, 60 young (61440K), 1 survivors (1024K)
 Metaspace       used 93154K, capacity 99737K, committed 99840K, reserved 1134592K
  class space    used 13377K, capacity 14506K, committed 14592K, reserved 1048576K
}
Event: 493.085 GC heap after
{Heap after GC invocations=276 (full 64):
 garbage-first heap   total 278528K, used 167990K [0x0000000700000000, 0x0000000700100880, 0x00000007c0000000)
  region size 1024K, 2 young (2048K), 2 survivors (2048K)
 Metaspace       used 93154K, capacity 99737K, committed 99840K, reserved 1134592K
  class space    used 13377K, capacity 14506K, committed 14592K, reserved 1048576K
}
Event: 496.922 GC heap before
{Heap before GC invocations=277 (full 64):
 garbage-first heap   total 278528K, used 227382K [0x0000000700000000, 0x0000000700100880, 0x00000007c0000000)
  region size 1024K, 60 young (61440K), 2 survivors (2048K)
 Metaspace       used 93171K, capacity 99737K, committed 99840K, reserved 1134592K
  class space    used 13377K, capacity 14506K, committed 14592K, reserved 1048576K
}
Event: 496.924 GC heap after
{Heap after GC invocations=278 (full 64):
 garbage-first heap   total 278528K, used 168601K [0x0000000700000000, 0x0000000700100880, 0x00000007c0000000)
  region size 1024K, 2 young (2048K), 2 survivors (2048K)
 Metaspace       used 93171K, capacity 99737K, committed 99840K, reserved 1134592K
  class space    used 13377K, capacity 14506K, committed 14592K, reserved 1048576K
}
Event: 499.291 GC heap before
{Heap before GC invocations=278 (full 64):
 garbage-first heap   total 278528K, used 227993K [0x0000000700000000, 0x0000000700100880, 0x00000007c0000000)
  region size 1024K, 60 young (61440K), 2 survivors (2048K)
 Metaspace       used 93558K, capacity 100293K, committed 100480K, reserved 1134592K
  class space    used 13439K, capacity 14596K, committed 14720K, reserved 1048576K
}
Event: 499.294 GC heap after
{Heap after GC invocations=279 (full 64):
 garbage-first heap   total 278528K, used 168687K [0x0000000700000000, 0x0000000700100880, 0x00000007c0000000)
  region size 1024K, 2 young (2048K), 2 survivors (2048K)
 Metaspace       used 93558K, capacity 100293K, committed 100480K, reserved 1134592K
  class space    used 13439K, capacity 14596K, committed 14720K, reserved 1048576K
}
Event: 501.236 GC heap before
{Heap before GC invocations=280 (full 64):
 garbage-first heap   total 278528K, used 228079K [0x0000000700000000, 0x0000000700100880, 0x00000007c0000000)
  region size 1024K, 60 young (61440K), 2 survivors (2048K)
 Metaspace       used 93619K, capacity 100371K, committed 100736K, reserved 1134592K
  class space    used 13442K, capacity 14601K, committed 14720K, reserved 1048576K
}
Event: 501.240 GC heap after
{Heap after GC invocations=281 (full 64):
 garbage-first heap   total 278528K, used 169281K [0x0000000700000000, 0x0000000700100880, 0x00000007c0000000)
  region size 1024K, 3 young (3072K), 3 survivors (3072K)
 Metaspace       used 93619K, capacity 100371K, committed 100736K, reserved 1134592K
  class space    used 13442K, capacity 14601K, committed 14720K, reserved 1048576K
}
Event: 504.160 GC heap before
{Heap before GC invocations=281 (full 64):
 garbage-first heap   total 278528K, used 227649K [0x0000000700000000, 0x0000000700100880, 0x00000007c0000000)
  region size 1024K, 60 young (61440K), 3 survivors (3072K)
 Metaspace       used 93688K, capacity 100461K, committed 100736K, reserved 1134592K
  class space    used 13448K, capacity 14606K, committed 14720K, reserved 1048576K
}
Event: 504.163 GC heap after
{Heap after GC invocations=282 (full 64):
 garbage-first heap   total 278528K, used 169107K [0x0000000700000000, 0x0000000700100880, 0x00000007c0000000)
  region size 1024K, 3 young (3072K), 3 survivors (3072K)
 Metaspace       used 93688K, capacity 100461K, committed 100736K, reserved 1134592K
  class space    used 13448K, capacity 14606K, committed 14720K, reserved 1048576K
}

