# JRE version: Java(TM) SE Runtime Environment (9.0+11) (build 9.0.4+11)
# Java VM: Java HotSpot(TM) 64-Bit Server VM (9.0.4+11, mixed mode, tiered, compressed oops, g1 gc, windows-amd64)
Heap:
 garbage-first heap   total 253952K, used 122242K [0x0000000700000000, 0x00000007001007c0, 0x00000007c0000000)
  region size 1024K, 28 young (28672K), 3 survivors (3072K)
 Metaspace       used 82973K, capacity 89259K, committed 89472K, reserved 1126400K
  class space    used 12241K, capacity 13355K, committed 13440K, reserved 1048576K
GC Heap History (10 events):
Event: 48.499 GC heap before
{Heap before GC invocations=46 (full 2):
 garbage-first heap   total 253952K, used 156223K [0x0000000700000000, 0x00000007001007c0, 0x00000007c0000000)
  region size 1024K, 60 young (61440K), 2 survivors (2048K)
 Metaspace       used 82331K, capacity 88401K, committed 88576K, reserved 1124352K
  class space    used 12162K, capacity 13242K, committed 13312K, reserved 1048576K
}
Event: 48.502 GC heap after
{Heap after GC invocations=47 (full 2):
 garbage-first heap   total 253952K, used 97126K [0x0000000700000000, 0x00000007001007c0, 0x00000007c0000000)
  region size 1024K, 2 young (2048K), 2 survivors (2048K)
 Metaspace       used 82331K, capacity 88401K, committed 88576K, reserved 1124352K
  class space    used 12162K, capacity 13242K, committed 13312K, reserved 1048576K
}
Event: 48.743 GC heap before
{Heap before GC invocations=47 (full 2):
 garbage-first heap   total 253952K, used 156518K [0x0000000700000000, 0x00000007001007c0, 0x00000007c0000000)
  region size 1024K, 60 young (61440K), 2 survivors (2048K)
 Metaspace       used 82336K, capacity 88465K, committed 88576K, reserved 1124352K
  class space    used 12162K, capacity 13242K, committed 13312K, reserved 1048576K
}
Event: 48.746 GC heap after
{Heap after GC invocations=48 (full 2):
 garbage-first heap   total 253952K, used 97001K [0x0000000700000000, 0x00000007001007c0, 0x00000007c0000000)
  region size 1024K, 2 young (2048K), 2 survivors (2048K)
 Metaspace       used 82336K, capacity 88465K, committed 88576K, reserved 1124352K
  class space    used 12162K, capacity 13242K, committed 13312K, reserved 1048576K
}
Event: 49.348 GC heap before
{Heap before GC invocations=48 (full 2):
 garbage-first heap   total 253952K, used 156393K [0x0000000700000000, 0x00000007001007c0, 0x00000007c0000000)
  region size 1024K, 60 young (61440K), 2 survivors (2048K)
 Metaspace       used 82511K, capacity 88677K, committed 88832K, reserved 1124352K
  class space    used 12195K, capacity 13260K, committed 13312K, reserved 1048576K
}
Event: 49.350 GC heap after
{Heap after GC invocations=49 (full 2):
 garbage-first heap   total 253952K, used 97418K [0x0000000700000000, 0x00000007001007c0, 0x00000007c0000000)
  region size 1024K, 3 young (3072K), 3 survivors (3072K)
 Metaspace       used 82511K, capacity 88677K, committed 88832K, reserved 1124352K
  class space    used 12195K, capacity 13260K, committed 13312K, reserved 1048576K
}
Event: 53.095 GC heap before
{Heap before GC invocations=49 (full 2):
 garbage-first heap   total 253952K, used 155786K [0x0000000700000000, 0x00000007001007c0, 0x00000007c0000000)
  region size 1024K, 60 young (61440K), 3 survivors (3072K)
 Metaspace       used 82857K, capacity 89163K, committed 89472K, reserved 1126400K
  class space    used 12233K, capacity 13323K, committed 13440K, reserved 1048576K
}
Event: 53.098 GC heap after
{Heap after GC invocations=50 (full 2):
 garbage-first heap   total 253952K, used 97961K [0x0000000700000000, 0x00000007001007c0, 0x00000007c0000000)
  region size 1024K, 3 young (3072K), 3 survivors (3072K)
 Metaspace       used 82857K, capacity 89163K, committed 89472K, reserved 1126400K
  class space    used 12233K, capacity 13323K, committed 13440K, reserved 1048576K
}
Event: 53.530 GC heap before
{Heap before GC invocations=50 (full 2):
 garbage-first heap   total 253952K, used 156329K [0x0000000700000000, 0x00000007001007c0, 0x00000007c0000000)
  region size 1024K, 60 young (61440K), 3 survivors (3072K)
 Metaspace       used 82890K, capacity 89163K, committed 89472K, reserved 1126400K
  class space    used 12235K, capacity 13323K, committed 13440K, reserved 1048576K
}
Event: 53.532 GC heap after
{Heap after GC invocations=51 (full 2):
 garbage-first heap   total 253952K, used 97666K [0x0000000700000000, 0x00000007001007c0, 0x00000007c0000000)
  region size 1024K, 3 young (3072K), 3 survivors (3072K)
 Metaspace       used 82890K, capacity 89163K, committed 89472K, reserved 1126400K
  class space    used 12235K, capacity 13323K, committed 13440K, reserved 1048576K
}

