# JRE version: Java(TM) SE Runtime Environment (9.0+11) (build 9.0.4+11)
# Java VM: Java HotSpot(TM) 64-Bit Server VM (9.0.4+11, mixed mode, tiered, compressed oops, g1 gc, windows-amd64)
Heap:
 garbage-first heap   total 192512K, used 101383K [0x0000000700000000, 0x00000007001005e0, 0x00000007c0000000)
  region size 1024K, 9 young (9216K), 1 survivors (1024K)
 Metaspace       used 88705K, capacity 95121K, committed 95360K, reserved 1130496K
  class space    used 12793K, capacity 13906K, committed 13952K, reserved 1048576K
GC Heap History (10 events):
Event: 1664.458 GC heap before
{Heap before GC invocations=374 (full 150):
 garbage-first heap   total 192512K, used 157987K [0x0000000700000000, 0x00000007001005e0, 0x00000007c0000000)
  region size 1024K, 60 young (61440K), 5 survivors (5120K)
 Metaspace       used 88631K, capacity 95053K, committed 95360K, reserved 1130496K
  class space    used 12792K, capacity 13906K, committed 13952K, reserved 1048576K
}
Event: 1664.461 GC heap after
{Heap after GC invocations=375 (full 150):
 garbage-first heap   total 192512K, used 94653K [0x0000000700000000, 0x00000007001005e0, 0x00000007c0000000)
  region size 1024K, 5 young (5120K), 5 survivors (5120K)
 Metaspace       used 88631K, capacity 95053K, committed 95360K, reserved 1130496K
  class space    used 12792K, capacity 13906K, committed 13952K, reserved 1048576K
}
Event: 1664.543 GC heap before
{Heap before GC invocations=375 (full 150):
 garbage-first heap   total 192512K, used 150973K [0x0000000700000000, 0x00000007001005e0, 0x00000007c0000000)
  region size 1024K, 60 young (61440K), 5 survivors (5120K)
 Metaspace       used 88631K, capacity 95053K, committed 95360K, reserved 1130496K
  class space    used 12792K, capacity 13906K, committed 13952K, reserved 1048576K
}
Event: 1664.547 GC heap after
{Heap after GC invocations=376 (full 150):
 garbage-first heap   total 192512K, used 94609K [0x0000000700000000, 0x00000007001005e0, 0x00000007c0000000)
  region size 1024K, 4 young (4096K), 4 survivors (4096K)
 Metaspace       used 88631K, capacity 95053K, committed 95360K, reserved 1130496K
  class space    used 12792K, capacity 13906K, committed 13952K, reserved 1048576K
}
Event: 1664.642 GC heap before
{Heap before GC invocations=377 (full 150):
 garbage-first heap   total 192512K, used 151953K [0x0000000700000000, 0x00000007001005e0, 0x00000007c0000000)
  region size 1024K, 60 young (61440K), 4 survivors (4096K)
 Metaspace       used 88631K, capacity 95053K, committed 95360K, reserved 1130496K
  class space    used 12792K, capacity 13906K, committed 13952K, reserved 1048576K
}
Event: 1664.644 GC heap after
{Heap after GC invocations=378 (full 150):
 garbage-first heap   total 192512K, used 94624K [0x0000000700000000, 0x00000007001005e0, 0x00000007c0000000)
  region size 1024K, 4 young (4096K), 4 survivors (4096K)
 Metaspace       used 88631K, capacity 95053K, committed 95360K, reserved 1130496K
  class space    used 12792K, capacity 13906K, committed 13952K, reserved 1048576K
}
Event: 1666.663 GC heap before
{Heap before GC invocations=378 (full 150):
 garbage-first heap   total 192512K, used 114080K [0x0000000700000000, 0x00000007001005e0, 0x00000007c0000000)
  region size 1024K, 24 young (24576K), 4 survivors (4096K)
 Metaspace       used 88635K, capacity 95053K, committed 95360K, reserved 1130496K
  class space    used 12792K, capacity 13906K, committed 13952K, reserved 1048576K
}
Event: 1666.929 GC heap after
{Heap after GC invocations=379 (full 151):
 garbage-first heap   total 192512K, used 93585K [0x0000000700000000, 0x00000007001005e0, 0x00000007c0000000)
  region size 1024K, 0 young (0K), 0 survivors (0K)
 Metaspace       used 88635K, capacity 95053K, committed 95360K, reserved 1130496K
  class space    used 12792K, capacity 13906K, committed 13952K, reserved 1048576K
}
Event: 1706.852 GC heap before
{Heap before GC invocations=379 (full 151):
 garbage-first heap   total 192512K, used 155025K [0x0000000700000000, 0x00000007001005e0, 0x00000007c0000000)
  region size 1024K, 60 young (61440K), 0 survivors (0K)
 Metaspace       used 88659K, capacity 95057K, committed 95360K, reserved 1130496K
  class space    used 12792K, capacity 13906K, committed 13952K, reserved 1048576K
}
Event: 1706.911 GC heap after
{Heap after GC invocations=380 (full 151):
 garbage-first heap   total 192512K, used 94215K [0x0000000700000000, 0x00000007001005e0, 0x00000007c0000000)
  region size 1024K, 1 young (1024K), 1 survivors (1024K)
 Metaspace       used 88659K, capacity 95057K, committed 95360K, reserved 1130496K
  class space    used 12792K, capacity 13906K, committed 13952K, reserved 1048576K
}

