# JRE version: Java(TM) SE Runtime Environment (9.0+11) (build 9.0.4+11)
# Java VM: Java HotSpot(TM) 64-Bit Server VM (9.0.4+11, mixed mode, tiered, compressed oops, g1 gc, windows-amd64)
Heap:
 garbage-first heap   total 273408K, used 122355K [0x0000000700000000, 0x0000000700100858, 0x00000007c0000000)
  region size 1024K, 27 young (27648K), 3 survivors (3072K)
 Metaspace       used 89030K, capacity 95497K, committed 95616K, reserved 1130496K
  class space    used 12813K, capacity 13916K, committed 13952K, reserved 1048576K
GC Heap History (10 events):
Event: 345.172 GC heap before
{Heap before GC invocations=204 (full 61):
 garbage-first heap   total 273408K, used 156782K [0x0000000700000000, 0x0000000700100858, 0x00000007c0000000)
  region size 1024K, 60 young (61440K), 3 survivors (3072K)
 Metaspace       used 88994K, capacity 95491K, committed 95616K, reserved 1130496K
  class space    used 12812K, capacity 13915K, committed 13952K, reserved 1048576K
}
Event: 345.175 GC heap after
{Heap after GC invocations=205 (full 61):
 garbage-first heap   total 273408K, used 98719K [0x0000000700000000, 0x0000000700100858, 0x00000007c0000000)
  region size 1024K, 3 young (3072K), 3 survivors (3072K)
 Metaspace       used 88994K, capacity 95491K, committed 95616K, reserved 1130496K
  class space    used 12812K, capacity 13915K, committed 13952K, reserved 1048576K
}
Event: 351.400 GC heap before
{Heap before GC invocations=205 (full 61):
 garbage-first heap   total 273408K, used 157087K [0x0000000700000000, 0x0000000700100858, 0x00000007c0000000)
  region size 1024K, 60 young (61440K), 3 survivors (3072K)
 Metaspace       used 89018K, capacity 95497K, committed 95616K, reserved 1130496K
  class space    used 12813K, capacity 13916K, committed 13952K, reserved 1048576K
}
Event: 351.426 GC heap after
{Heap after GC invocations=206 (full 61):
 garbage-first heap   total 273408K, used 98867K [0x0000000700000000, 0x0000000700100858, 0x00000007c0000000)
  region size 1024K, 4 young (4096K), 4 survivors (4096K)
 Metaspace       used 89018K, capacity 95497K, committed 95616K, reserved 1130496K
  class space    used 12813K, capacity 13916K, committed 13952K, reserved 1048576K
}
Event: 351.528 GC heap before
{Heap before GC invocations=206 (full 61):
 garbage-first heap   total 273408K, used 156211K [0x0000000700000000, 0x0000000700100858, 0x00000007c0000000)
  region size 1024K, 60 young (61440K), 4 survivors (4096K)
 Metaspace       used 89019K, capacity 95497K, committed 95616K, reserved 1130496K
  class space    used 12813K, capacity 13916K, committed 13952K, reserved 1048576K
}
Event: 351.532 GC heap after
{Heap after GC invocations=207 (full 61):
 garbage-first heap   total 273408K, used 98739K [0x0000000700000000, 0x0000000700100858, 0x00000007c0000000)
  region size 1024K, 3 young (3072K), 3 survivors (3072K)
 Metaspace       used 89019K, capacity 95497K, committed 95616K, reserved 1130496K
  class space    used 12813K, capacity 13916K, committed 13952K, reserved 1048576K
}
Event: 351.570 GC heap before
{Heap before GC invocations=207 (full 61):
 garbage-first heap   total 273408K, used 157107K [0x0000000700000000, 0x0000000700100858, 0x00000007c0000000)
  region size 1024K, 60 young (61440K), 3 survivors (3072K)
 Metaspace       used 89023K, capacity 95497K, committed 95616K, reserved 1130496K
  class space    used 12813K, capacity 13916K, committed 13952K, reserved 1048576K
}
Event: 351.574 GC heap after
{Heap after GC invocations=208 (full 61):
 garbage-first heap   total 273408K, used 98823K [0x0000000700000000, 0x0000000700100858, 0x00000007c0000000)
  region size 1024K, 3 young (3072K), 3 survivors (3072K)
 Metaspace       used 89023K, capacity 95497K, committed 95616K, reserved 1130496K
  class space    used 12813K, capacity 13916K, committed 13952K, reserved 1048576K
}
Event: 351.603 GC heap before
{Heap before GC invocations=208 (full 61):
 garbage-first heap   total 273408K, used 157191K [0x0000000700000000, 0x0000000700100858, 0x00000007c0000000)
  region size 1024K, 60 young (61440K), 3 survivors (3072K)
 Metaspace       used 89023K, capacity 95497K, committed 95616K, reserved 1130496K
  class space    used 12813K, capacity 13916K, committed 13952K, reserved 1048576K
}
Event: 351.655 GC heap after
{Heap after GC invocations=209 (full 61):
 garbage-first heap   total 273408K, used 98803K [0x0000000700000000, 0x0000000700100858, 0x00000007c0000000)
  region size 1024K, 3 young (3072K), 3 survivors (3072K)
 Metaspace       used 89023K, capacity 95497K, committed 95616K, reserved 1130496K
  class space    used 12813K, capacity 13916K, committed 13952K, reserved 1048576K
}

