# JRE version: Java(TM) SE Runtime Environment (9.0+11) (build 9.0.4+11)
# Java VM: Java HotSpot(TM) 64-Bit Server VM (9.0.4+11, mixed mode, tiered, compressed oops, g1 gc, windows-amd64)
Heap:
 garbage-first heap   total 309248K, used 165516K [0x0000000700000000, 0x0000000700100970, 0x00000007c0000000)
  region size 1024K, 56 young (57344K), 1 survivors (1024K)
 Metaspace       used 89207K, capacity 90943K, committed 99584K, reserved 1134592K
  class space    used 12119K, capacity 12507K, committed 14336K, reserved 1048576K
GC Heap History (10 events):
Event: 9548.410 GC heap before
{Heap before GC invocations=1294 (full 716):
 garbage-first heap   total 309248K, used 115502K [0x0000000700000000, 0x0000000700100970, 0x00000007c0000000)
  region size 1024K, 3 young (3072K), 0 survivors (0K)
 Metaspace       used 89161K, capacity 90867K, committed 99584K, reserved 1134592K
  class space    used 12115K, capacity 12505K, committed 14336K, reserved 1048576K
}
Event: 9548.606 GC heap after
{Heap after GC invocations=1295 (full 717):
 garbage-first heap   total 309248K, used 109378K [0x0000000700000000, 0x0000000700100970, 0x00000007c0000000)
  region size 1024K, 0 young (0K), 0 survivors (0K)
 Metaspace       used 89161K, capacity 90867K, committed 99584K, reserved 1134592K
  class space    used 12115K, capacity 12505K, committed 14336K, reserved 1048576K
}
Event: 9550.454 GC heap before
{Heap before GC invocations=1295 (full 717):
 garbage-first heap   total 309248K, used 116546K [0x0000000700000000, 0x0000000700100970, 0x00000007c0000000)
  region size 1024K, 6 young (6144K), 0 survivors (0K)
 Metaspace       used 89161K, capacity 90867K, committed 99584K, reserved 1134592K
  class space    used 12115K, capacity 12505K, committed 14336K, reserved 1048576K
}
Event: 9550.646 GC heap after
{Heap after GC invocations=1296 (full 718):
 garbage-first heap   total 309248K, used 109395K [0x0000000700000000, 0x0000000700100970, 0x00000007c0000000)
  region size 1024K, 0 young (0K), 0 survivors (0K)
 Metaspace       used 89161K, capacity 90867K, committed 99584K, reserved 1134592K
  class space    used 12115K, capacity 12505K, committed 14336K, reserved 1048576K
}
Event: 9554.024 GC heap before
{Heap before GC invocations=1296 (full 718):
 garbage-first heap   total 309248K, used 170835K [0x0000000700000000, 0x0000000700100970, 0x00000007c0000000)
  region size 1024K, 60 young (61440K), 0 survivors (0K)
 Metaspace       used 89162K, capacity 90867K, committed 99584K, reserved 1134592K
  class space    used 12115K, capacity 12505K, committed 14336K, reserved 1048576K
}
Event: 9554.027 GC heap after
{Heap after GC invocations=1297 (full 718):
 garbage-first heap   total 309248K, used 109858K [0x0000000700000000, 0x0000000700100970, 0x00000007c0000000)
  region size 1024K, 1 young (1024K), 1 survivors (1024K)
 Metaspace       used 89162K, capacity 90867K, committed 99584K, reserved 1134592K
  class space    used 12115K, capacity 12505K, committed 14336K, reserved 1048576K
}
Event: 9556.579 GC heap before
{Heap before GC invocations=1297 (full 718):
 garbage-first heap   total 309248K, used 170274K [0x0000000700000000, 0x0000000700100970, 0x00000007c0000000)
  region size 1024K, 60 young (61440K), 1 survivors (1024K)
 Metaspace       used 89168K, capacity 90873K, committed 99584K, reserved 1134592K
  class space    used 12115K, capacity 12506K, committed 14336K, reserved 1048576K
}
Event: 9556.581 GC heap after
{Heap after GC invocations=1298 (full 718):
 garbage-first heap   total 309248K, used 110057K [0x0000000700000000, 0x0000000700100970, 0x00000007c0000000)
  region size 1024K, 1 young (1024K), 1 survivors (1024K)
 Metaspace       used 89168K, capacity 90873K, committed 99584K, reserved 1134592K
  class space    used 12115K, capacity 12506K, committed 14336K, reserved 1048576K
}
Event: 9561.127 GC heap before
{Heap before GC invocations=1298 (full 718):
 garbage-first heap   total 309248K, used 170473K [0x0000000700000000, 0x0000000700100970, 0x00000007c0000000)
  region size 1024K, 60 young (61440K), 1 survivors (1024K)
 Metaspace       used 89173K, capacity 90879K, committed 99584K, reserved 1134592K
  class space    used 12116K, capacity 12507K, committed 14336K, reserved 1048576K
}
Event: 9561.129 GC heap after
{Heap after GC invocations=1299 (full 718):
 garbage-first heap   total 309248K, used 110220K [0x0000000700000000, 0x0000000700100970, 0x00000007c0000000)
  region size 1024K, 1 young (1024K), 1 survivors (1024K)
 Metaspace       used 89173K, capacity 90879K, committed 99584K, reserved 1134592K
  class space    used 12116K, capacity 12507K, committed 14336K, reserved 1048576K
}

