# JRE version: Java(TM) SE Runtime Environment (9.0+11) (build 9.0.4+11)
# Java VM: Java HotSpot(TM) 64-Bit Server VM (9.0.4+11, mixed mode, tiered, compressed oops, g1 gc, windows-amd64)
Heap:
 garbage-first heap   total 313344K, used 134818K [0x0000000700000000, 0x0000000700100990, 0x00000007c0000000)
  region size 1024K, 33 young (33792K), 1 survivors (1024K)
 Metaspace       used 88119K, capacity 94411K, committed 94592K, reserved 1130496K
  class space    used 12523K, capacity 13617K, committed 13696K, reserved 1048576K
GC Heap History (10 events):
Event: 1391.410 GC heap before
{Heap before GC invocations=477 (full 271):
 garbage-first heap   total 313344K, used 163996K [0x0000000700000000, 0x0000000700100990, 0x00000007c0000000)
  region size 1024K, 60 young (61440K), 1 survivors (1024K)
 Metaspace       used 88033K, capacity 94347K, committed 94592K, reserved 1130496K
  class space    used 12519K, capacity 13617K, committed 13696K, reserved 1048576K
}
Event: 1391.412 GC heap after
{Heap after GC invocations=478 (full 271):
 garbage-first heap   total 313344K, used 103510K [0x0000000700000000, 0x0000000700100990, 0x00000007c0000000)
  region size 1024K, 1 young (1024K), 1 survivors (1024K)
 Metaspace       used 88033K, capacity 94347K, committed 94592K, reserved 1130496K
  class space    used 12519K, capacity 13617K, committed 13696K, reserved 1048576K
}
Event: 1391.591 GC heap before
{Heap before GC invocations=478 (full 271):
 garbage-first heap   total 313344K, used 163926K [0x0000000700000000, 0x0000000700100990, 0x00000007c0000000)
  region size 1024K, 60 young (61440K), 1 survivors (1024K)
 Metaspace       used 88037K, capacity 94347K, committed 94592K, reserved 1130496K
  class space    used 12519K, capacity 13617K, committed 13696K, reserved 1048576K
}
Event: 1391.593 GC heap after
{Heap after GC invocations=479 (full 271):
 garbage-first heap   total 313344K, used 103528K [0x0000000700000000, 0x0000000700100990, 0x00000007c0000000)
  region size 1024K, 1 young (1024K), 1 survivors (1024K)
 Metaspace       used 88037K, capacity 94347K, committed 94592K, reserved 1130496K
  class space    used 12519K, capacity 13617K, committed 13696K, reserved 1048576K
}
Event: 1391.939 GC heap before
{Heap before GC invocations=479 (full 271):
 garbage-first heap   total 313344K, used 119912K [0x0000000700000000, 0x0000000700100990, 0x00000007c0000000)
  region size 1024K, 15 young (15360K), 1 survivors (1024K)
 Metaspace       used 88042K, capacity 94347K, committed 94592K, reserved 1130496K
  class space    used 12519K, capacity 13617K, committed 13696K, reserved 1048576K
}
Event: 1392.092 GC heap after
{Heap after GC invocations=480 (full 272):
 garbage-first heap   total 313344K, used 96340K [0x0000000700000000, 0x0000000700100990, 0x00000007c0000000)
  region size 1024K, 0 young (0K), 0 survivors (0K)
 Metaspace       used 88042K, capacity 94347K, committed 94592K, reserved 1130496K
  class space    used 12519K, capacity 13617K, committed 13696K, reserved 1048576K
}
Event: 1394.711 GC heap before
{Heap before GC invocations=480 (full 272):
 garbage-first heap   total 313344K, used 160852K [0x0000000700000000, 0x0000000700100990, 0x00000007c0000000)
  region size 1024K, 60 young (61440K), 0 survivors (0K)
 Metaspace       used 88056K, capacity 94347K, committed 94592K, reserved 1130496K
  class space    used 12519K, capacity 13617K, committed 13696K, reserved 1048576K
}
Event: 1394.713 GC heap after
{Heap after GC invocations=481 (full 272):
 garbage-first heap   total 313344K, used 99883K [0x0000000700000000, 0x0000000700100990, 0x00000007c0000000)
  region size 1024K, 1 young (1024K), 1 survivors (1024K)
 Metaspace       used 88056K, capacity 94347K, committed 94592K, reserved 1130496K
  class space    used 12519K, capacity 13617K, committed 13696K, reserved 1048576K
}
Event: 1395.351 GC heap before
{Heap before GC invocations=481 (full 272):
 garbage-first heap   total 313344K, used 160299K [0x0000000700000000, 0x0000000700100990, 0x00000007c0000000)
  region size 1024K, 60 young (61440K), 1 survivors (1024K)
 Metaspace       used 88112K, capacity 94411K, committed 94592K, reserved 1130496K
  class space    used 12523K, capacity 13617K, committed 13696K, reserved 1048576K
}
Event: 1395.353 GC heap after
{Heap after GC invocations=482 (full 272):
 garbage-first heap   total 313344K, used 100002K [0x0000000700000000, 0x0000000700100990, 0x00000007c0000000)
  region size 1024K, 1 young (1024K), 1 survivors (1024K)
 Metaspace       used 88112K, capacity 94411K, committed 94592K, reserved 1130496K
  class space    used 12523K, capacity 13617K, committed 13696K, reserved 1048576K
}

